<?xml version="1.0" encoding="UTF-8"?>
<!-- Generated by org.testng.reporters.JUnitXMLReporter -->
<testsuite ignored="0" hostname="5H5BCK3" failures="0" tests="4" name="Command line test" time="18.776" errors="0" timestamp="2023-12-23T08:22:01 EET">
  <testcase classname="api.tests.TestCrudAPIs" name="testPostUser" time="6.6"/>
  <testcase classname="api.tests.TestCrudAPIs" name="testGetUserByName" time="5.546"/>
  <testcase classname="api.tests.TestCrudAPIs" name="testUpdateUserByName" time="3.17"/>
  <testcase classname="api.tests.TestCrudAPIs" name="testDeleteUserByName" time="2.764"/>
</testsuite> <!-- Command line test -->
