<?xml version="1.0" encoding="UTF-8"?>
<!-- Generated by org.testng.reporters.JUnitXMLReporter -->
<testsuite ignored="0" hostname="metro" failures="0" tests="4" name="Crud Operations" time="6.099" errors="0" timestamp="2023-12-23T13:02:56 EET">
  <testcase classname="api.tests.TestCrudAPIs" name="testPostUser" time="2.362"/>
  <testcase classname="api.tests.TestCrudAPIs" name="testGetUserByName" time="0.823"/>
  <testcase classname="api.tests.TestCrudAPIs" name="testUpdateUserByName" time="1.527"/>
  <testcase classname="api.tests.TestCrudAPIs" name="testDeleteUserByName" time="0.785"/>
</testsuite> <!-- Crud Operations -->
