<?xml version="1.0" encoding="UTF-8"?>
<testng-results ignored="0" total="4" passed="4" failed="0" skipped="0">
  <reporter-output>
  </reporter-output>
  <suite started-at="2023-12-23T08:21:42 EET" name="api.tests.TestCrudAPIs" finished-at="2023-12-23T08:22:01 EET" duration-ms="18776">
    <groups>
    </groups>
    <test started-at="2023-12-23T08:21:42 EET" name="Command line test" finished-at="2023-12-23T08:22:01 EET" duration-ms="18776">
      <class name="api.tests.TestCrudAPIs">
        <test-method is-config="true" signature="setup()[pri:0, instance:api.tests.TestCrudAPIs@75c072cb]" started-at="2023-12-23T08:21:42 EET" name="setup" finished-at="2023-12-23T08:21:43 EET" duration-ms="661" status="PASS">
          <reporter-output>
          </reporter-output>
        </test-method> <!-- setup -->
        <test-method signature="testPostUser()[pri:1, instance:api.tests.TestCrudAPIs@75c072cb]" started-at="2023-12-23T08:21:43 EET" name="testPostUser" finished-at="2023-12-23T08:21:50 EET" duration-ms="6600" status="PASS">
          <reporter-output>
          </reporter-output>
        </test-method> <!-- testPostUser -->
        <test-method signature="testGetUserByName()[pri:2, instance:api.tests.TestCrudAPIs@75c072cb]" started-at="2023-12-23T08:21:50 EET" name="testGetUserByName" finished-at="2023-12-23T08:21:55 EET" duration-ms="5546" status="PASS">
          <reporter-output>
          </reporter-output>
        </test-method> <!-- testGetUserByName -->
        <test-method signature="testUpdateUserByName()[pri:3, instance:api.tests.TestCrudAPIs@75c072cb]" started-at="2023-12-23T08:21:55 EET" name="testUpdateUserByName" finished-at="2023-12-23T08:21:58 EET" duration-ms="3170" status="PASS">
          <reporter-output>
          </reporter-output>
        </test-method> <!-- testUpdateUserByName -->
        <test-method signature="testDeleteUserByName()[pri:4, instance:api.tests.TestCrudAPIs@75c072cb]" started-at="2023-12-23T08:21:58 EET" name="testDeleteUserByName" finished-at="2023-12-23T08:22:01 EET" duration-ms="2764" status="PASS">
          <reporter-output>
          </reporter-output>
        </test-method> <!-- testDeleteUserByName -->
      </class> <!-- api.tests.TestCrudAPIs -->
    </test> <!-- Command line test -->
  </suite> <!-- api.tests.TestCrudAPIs -->
</testng-results>
