<?xml version="1.0" encoding="UTF-8" ?>
<testsuite tests="4" failures="0" name="api.tests.TestCrudAPIs" time="18.082" errors="0" skipped="0">
  <properties>
[...]
</properties>
  <testcase classname="api.tests.TestCrudAPIs" name="testPostUser" time="6.602"/>
  <testcase classname="api.tests.TestCrudAPIs" name="testGetUserByName" time="5.545"/>
  <testcase classname="api.tests.TestCrudAPIs" name="testUpdateUserByName" time="3.171"/>
  <testcase classname="api.tests.TestCrudAPIs" name="testDeleteUserByName" time="2.764"/>
</testsuite>