<?xml version="1.0" encoding="UTF-8"?>
<testng-results ignored="0" total="4" passed="4" failed="0" skipped="0">
  <reporter-output>
  </reporter-output>
  <suite started-at="2023-12-23T13:02:50 EET" name="All Test Suite" finished-at="2023-12-23T13:02:56 EET" duration-ms="6099">
    <groups>
    </groups>
    <test started-at="2023-12-23T13:02:50 EET" name="Crud Operations" finished-at="2023-12-23T13:02:56 EET" duration-ms="6099">
      <class name="api.tests.TestCrudAPIs">
        <test-method is-config="true" signature="setup()[pri:0, instance:api.tests.TestCrudAPIs@5b8dfcc1]" started-at="2023-12-23T13:02:50 EET" name="setup" finished-at="2023-12-23T13:02:50 EET" duration-ms="559" status="PASS">
          <reporter-output>
          </reporter-output>
        </test-method> <!-- setup -->
        <test-method signature="testPostUser()[pri:1, instance:api.tests.TestCrudAPIs@5b8dfcc1]" started-at="2023-12-23T13:02:50 EET" name="testPostUser" finished-at="2023-12-23T13:02:53 EET" duration-ms="2362" status="PASS">
          <reporter-output>
          </reporter-output>
        </test-method> <!-- testPostUser -->
        <test-method signature="testGetUserByName()[pri:2, instance:api.tests.TestCrudAPIs@5b8dfcc1]" started-at="2023-12-23T13:02:53 EET" name="testGetUserByName" finished-at="2023-12-23T13:02:54 EET" duration-ms="823" status="PASS">
          <reporter-output>
          </reporter-output>
        </test-method> <!-- testGetUserByName -->
        <test-method signature="testUpdateUserByName()[pri:3, instance:api.tests.TestCrudAPIs@5b8dfcc1]" started-at="2023-12-23T13:02:54 EET" name="testUpdateUserByName" finished-at="2023-12-23T13:02:55 EET" duration-ms="1527" status="PASS">
          <reporter-output>
          </reporter-output>
        </test-method> <!-- testUpdateUserByName -->
        <test-method signature="testDeleteUserByName()[pri:4, instance:api.tests.TestCrudAPIs@5b8dfcc1]" started-at="2023-12-23T13:02:55 EET" name="testDeleteUserByName" finished-at="2023-12-23T13:02:56 EET" duration-ms="785" status="PASS">
          <reporter-output>
          </reporter-output>
        </test-method> <!-- testDeleteUserByName -->
      </class> <!-- api.tests.TestCrudAPIs -->
    </test> <!-- Crud Operations -->
  </suite> <!-- All Test Suite -->
</testng-results>
